-------------------------------------------------------------------------------
Test set: com.omr.runner.TestRunner
-------------------------------------------------------------------------------
Tests run: 2, Failures: 0, Errors: 2, Skipped: 0, Time elapsed: 0.517 s <<< FAILURE! -- in com.omr.runner.TestRunner
Verify the Login module.Verify the login with valid credentials #1 -- Time elapsed: 0.116 s <<< ERROR!
java.lang.NullPointerException: Cannot invoke "org.openqa.selenium.SearchContext.findElement(org.openqa.selenium.By)" because "this.searchContext" is null
	at org.openqa.selenium.support.pagefactory.DefaultElementLocator.findElement(DefaultElementLocator.java:68)
	at org.openqa.selenium.support.pagefactory.internal.LocatingElementHandler.invoke(LocatingElementHandler.java:38)
	at jdk.proxy2/jdk.proxy2.$Proxy17.isDisplayed(Unknown Source)
	at org.openqa.selenium.support.ui.ExpectedConditions.elementIfVisible(ExpectedConditions.java:304)
	at org.openqa.selenium.support.ui.ExpectedConditions$10.apply(ExpectedConditions.java:290)
	at org.openqa.selenium.support.ui.ExpectedConditions$10.apply(ExpectedConditions.java:287)
	at org.openqa.selenium.support.ui.FluentWait.until(FluentWait.java:203)
	at com.omr.baseclass.Baseclass.explicitWait(Baseclass.java:342)
	at com.omr.baseclass.Baseclass.elementSendKeys(Baseclass.java:47)
	at com.omr.pages.LoginPage.enterCredentials(LoginPage.java:41)
	at com.omr.stepdefinition.TC01_LoginStep.user_enter_username_and_password(TC01_LoginStep.java:26)
	at âœ½.User enter username "Srinivasanomr" and password "Srini@123"(file:///C:/Greens/Eclipse-greens/Cucumber_11Am/src/test/resources/Feature/TC01_Login.feature:7)

Verify the Login module.Verify the login with valid credentials #2 -- Time elapsed: 0 s <<< ERROR!
java.lang.NullPointerException: Cannot invoke "org.openqa.selenium.SearchContext.findElement(org.openqa.selenium.By)" because "this.searchContext" is null
	at org.openqa.selenium.support.pagefactory.DefaultElementLocator.findElement(DefaultElementLocator.java:68)
	at org.openqa.selenium.support.pagefactory.internal.LocatingElementHandler.invoke(LocatingElementHandler.java:38)
	at jdk.proxy2/jdk.proxy2.$Proxy17.isDisplayed(Unknown Source)
	at org.openqa.selenium.support.ui.ExpectedConditions.elementIfVisible(ExpectedConditions.java:304)
	at org.openqa.selenium.support.ui.ExpectedConditions$10.apply(ExpectedConditions.java:290)
	at org.openqa.selenium.support.ui.ExpectedConditions$10.apply(ExpectedConditions.java:287)
	at org.openqa.selenium.support.ui.FluentWait.until(FluentWait.java:203)
	at com.omr.baseclass.Baseclass.explicitWait(Baseclass.java:342)
	at com.omr.baseclass.Baseclass.elementSendKeys(Baseclass.java:47)
	at com.omr.pages.LoginPage.enterCredentials(LoginPage.java:41)
	at com.omr.stepdefinition.TC01_LoginStep.user_enter_username_and_password(TC01_LoginStep.java:26)
	at âœ½.User enter username "Jasmin96" and password "jas@2025"(file:///C:/Greens/Eclipse-greens/Cucumber_11Am/src/test/resources/Feature/TC01_Login.feature:7)

